Using pre-set license
Built from '2020.3/staging' branch; Version is '2020.3.18f1 (a7d1c678663c) revision 10998214'; Using compiler version '192528614'; Build Type 'Release'
OS: 'Windows 10 Home; OS build 22000.282; Version 2009; 64bit' Language: 'en' Physical Memory: 16191 MB
BatchMode: 1, IsHumanControllingUs: 0, StartBugReporterOnCrash: 0, Is64bit: 1, IsPro: 0

COMMAND LINE ARGUMENTS:
C:\Program Files\Unity\Hub\Editor\2020.3.18f1\Editor\Unity.exe
-adb2
-batchMode
-noUpm
-name
AssetImportWorker0
-projectPath
C:/Users/hunte/Desktop/SCHOOL/Repositories/DGM1610/Create with Code/Personal Project
-logFile
Logs/AssetImportWorker0.log
-srvPort
49758
Successfully changed project path to: C:/Users/hunte/Desktop/SCHOOL/Repositories/DGM1610/Create with Code/Personal Project
C:/Users/hunte/Desktop/SCHOOL/Repositories/DGM1610/Create with Code/Personal Project
Using Asset Import Pipeline V2.
Refreshing native plugins compatible for Editor in 39.14 ms, found 2 plugins.
Preloading 0 native plugins for Editor in 0.00 ms.
Initialize engine version: 2020.3.18f1 (a7d1c678663c)
[Subsystems] Discovering subsystems at path C:/Program Files/Unity/Hub/Editor/2020.3.18f1/Editor/Data/Resources/UnitySubsystems
[Subsystems] Discovering subsystems at path C:/Users/hunte/Desktop/SCHOOL/Repositories/DGM1610/Create with Code/Personal Project/Assets
GfxDevice: creating device client; threaded=0
Direct3D:
    Version:  Direct3D 11.0 [level 11.1]
    Renderer: NVIDIA GeForce GTX 1660 Ti with Max-Q Design (ID=0x2191)
    Vendor:   
    VRAM:     5991 MB
    Driver:   27.21.14.5763
Initialize mono
Mono path[0] = 'C:/Program Files/Unity/Hub/Editor/2020.3.18f1/Editor/Data/Managed'
Mono path[1] = 'C:/Program Files/Unity/Hub/Editor/2020.3.18f1/Editor/Data/MonoBleedingEdge/lib/mono/unityjit'
Mono config path = 'C:/Program Files/Unity/Hub/Editor/2020.3.18f1/Editor/Data/MonoBleedingEdge/etc'
Using monoOptions --debugger-agent=transport=dt_socket,embedding=1,server=y,suspend=n,address=127.0.0.1:56656
Begin MonoManager ReloadAssembly
Registering precompiled unity dll's ...
Register platform support module: C:/Program Files/Unity/Hub/Editor/2020.3.18f1/Editor/Data/PlaybackEngines/WindowsStandaloneSupport/UnityEditor.WindowsStandalone.Extensions.dll
Registered in 0.001690 seconds.
Native extension for WindowsStandalone target not found
Refreshing native plugins compatible for Editor in 35.34 ms, found 2 plugins.
Preloading 0 native plugins for Editor in 0.00 ms.
Mono: successfully reloaded assembly
- Completed reload, in  1.340 seconds
Domain Reload Profiling:
	ReloadAssembly (1340ms)
		BeginReloadAssembly (66ms)
			ExecutionOrderSort (0ms)
			DisableScriptedObjects (0ms)
			BackupInstance (0ms)
			ReleaseScriptingObjects (0ms)
			CreateAndSetChildDomain (1ms)
		EndReloadAssembly (472ms)
			LoadAssemblies (64ms)
			RebuildTransferFunctionScriptingTraits (0ms)
			SetupTypeCache (171ms)
			ReleaseScriptCaches (0ms)
			RebuildScriptCaches (31ms)
			SetupLoadedEditorAssemblies (193ms)
				LogAssemblyErrors (0ms)
				InitializePlatformSupportModulesInManaged (5ms)
				SetLoadedEditorAssemblies (0ms)
				RefreshPlugins (35ms)
				BeforeProcessingInitializeOnLoad (18ms)
				ProcessInitializeOnLoadAttributes (99ms)
				ProcessInitializeOnLoadMethodAttributes (35ms)
				AfterProcessingInitializeOnLoad (0ms)
				EditorAssembliesLoaded (0ms)
			ExecutionOrderSort2 (0ms)
			AwakeInstancesAfterBackupRestoration (0ms)
Platform modules already initialized, skipping
Registering precompiled user dll's ...
Registered in 0.003645 seconds.
Begin MonoManager ReloadAssembly
Native extension for WindowsStandalone target not found
Refreshing native plugins compatible for Editor in 0.45 ms, found 2 plugins.
Preloading 0 native plugins for Editor in 0.00 ms.
Mono: successfully reloaded assembly
- Completed reload, in  1.264 seconds
Domain Reload Profiling:
	ReloadAssembly (1265ms)
		BeginReloadAssembly (169ms)
			ExecutionOrderSort (0ms)
			DisableScriptedObjects (5ms)
			BackupInstance (0ms)
			ReleaseScriptingObjects (0ms)
			CreateAndSetChildDomain (23ms)
		EndReloadAssembly (1007ms)
			LoadAssemblies (103ms)
			RebuildTransferFunctionScriptingTraits (0ms)
			SetupTypeCache (366ms)
			ReleaseScriptCaches (1ms)
			RebuildScriptCaches (56ms)
			SetupLoadedEditorAssemblies (350ms)
				LogAssemblyErrors (0ms)
				InitializePlatformSupportModulesInManaged (8ms)
				SetLoadedEditorAssemblies (1ms)
				RefreshPlugins (1ms)
				BeforeProcessingInitializeOnLoad (103ms)
				ProcessInitializeOnLoadAttributes (226ms)
				ProcessInitializeOnLoadMethodAttributes (5ms)
				AfterProcessingInitializeOnLoad (6ms)
				EditorAssembliesLoaded (0ms)
			ExecutionOrderSort2 (0ms)
			AwakeInstancesAfterBackupRestoration (7ms)
Platform modules already initialized, skipping
========================================================================
Worker process is ready to serve import requests
Launched and connected shader compiler UnityShaderCompiler.exe after 0.06 seconds
Refreshing native plugins compatible for Editor in 0.33 ms, found 2 plugins.
Preloading 0 native plugins for Editor in 0.00 ms.
Unloading 1396 Unused Serialized files (Serialized files now loaded: 0)
System memory in use before: 65.3 MB.
System memory in use after: 65.3 MB.

Unloading 16 unused Assets to reduce memory usage. Loaded Objects now: 1831.
Total: 3.737300 ms (FindLiveObjects: 0.188700 ms CreateObjectMapping: 0.039700 ms MarkObjects: 3.419600 ms  DeleteObjects: 0.087600 ms)

AssetImportParameters requested are different than current active one (requested -> active):
  custom:framework-win-MediaFoundation: 216162199b28c13a410421893ffa2e32 -> 
  custom:video-decoder-ogg-theora: a1e56fd34408186e4bbccfd4996cb3dc -> 
  custom:container-muxer-webm: aa71ff27fc2769a1b78a27578f13a17b -> 
  custom:container-demuxer-webm: 4f35f7cbe854078d1ac9338744f61a02 -> 
  custom:container-demuxer-ogg: 62fdf1f143b41e24485cea50d1cbac27 -> 
  custom:video-encoder-webm-vp8: eb34c28f22e8b96e1ab97ce403110664 -> 
  custom:video-codec-MediaFoundation-h265: 746d11721c4dcdbdad8f713fa42b33f4 -> 
  custom:video-decoder-webm-vp8: 9c59270c3fd7afecdb556c50c9e8de78 -> 
  custom:audio-decoder-ogg-vorbis: bf7c407c2cedff20999df2af8eb42d56 -> 
  custom:audio-encoder-webm-vorbis: bf7c407c2cedff20999df2af8eb42d56 -> 
========================================================================
Received Import Request.
  path: Assets/Scenes
  artifactKey: Guid(3c391c7bb3ecb2a4980fa391eb92d85e) Importer(815301076,1909f56bfc062723c751e8b465ee728b)
Start importing Assets/Scenes using Guid(3c391c7bb3ecb2a4980fa391eb92d85e) Importer(815301076,1909f56bfc062723c751e8b465ee728b)  -> (artifact id: '62f8d7023871b354c10034723fb17189') in 0.012283 seconds 
  Import took 0.014650 seconds .

========================================================================
Received Import Request.
  Time since last request: 0.000256 seconds.
  path: Assets/Scenes/SampleScene.unity
  artifactKey: Guid(9fc0d4010bbf28b4594072e72b8655ab) Importer(815301076,1909f56bfc062723c751e8b465ee728b)
Start importing Assets/Scenes/SampleScene.unity using Guid(9fc0d4010bbf28b4594072e72b8655ab) Importer(815301076,1909f56bfc062723c751e8b465ee728b)  -> (artifact id: '85059f4f9e1a832ed95adaa0d25c5c4c') in 0.020025 seconds 
  Import took 0.023357 seconds .

========================================================================
Received Import Request.
  Time since last request: 6.189427 seconds.
  path: Assets/Scenes/My Scene.unity
  artifactKey: Guid(9fc0d4010bbf28b4594072e72b8655ab) Importer(815301076,1909f56bfc062723c751e8b465ee728b)
Start importing Assets/Scenes/My Scene.unity using Guid(9fc0d4010bbf28b4594072e72b8655ab) Importer(815301076,1909f56bfc062723c751e8b465ee728b)  -> (artifact id: 'c6cf7c8acfe6bdb2663c78c10d4be025') in 0.011953 seconds 
  Import took 0.015152 seconds .

========================================================================
Received Import Request.
  Time since last request: 147.776571 seconds.
  path: Assets
  artifactKey: Guid(00000000000000001000000000000000) Importer(815301076,1909f56bfc062723c751e8b465ee728b)
Start importing Assets using Guid(00000000000000001000000000000000) Importer(815301076,1909f56bfc062723c751e8b465ee728b)  -> (artifact id: '42d402b061de3733987d63b9cc3b64de') in 0.010474 seconds 
  Import took 0.013381 seconds .

========================================================================
Received Import Request.
  Time since last request: 6.363667 seconds.
  path: Assets/Materials
  artifactKey: Guid(e614853a846c6aa4abe975a820406d9f) Importer(815301076,1909f56bfc062723c751e8b465ee728b)
Start importing Assets/Materials using Guid(e614853a846c6aa4abe975a820406d9f) Importer(815301076,1909f56bfc062723c751e8b465ee728b)  -> (artifact id: '181153ff9fec3b720689fa1a2baf5e62') in 0.012894 seconds 
  Import took 0.016441 seconds .

========================================================================
Received Import Request.
  Time since last request: 979.551848 seconds.
  path: Assets/Materials/Red.mat
  artifactKey: Guid(b4c2b34d257824046b7eae5c777ed1ca) Importer(815301076,1909f56bfc062723c751e8b465ee728b)
Start importing Assets/Materials/Red.mat using Guid(b4c2b34d257824046b7eae5c777ed1ca) Importer(815301076,1909f56bfc062723c751e8b465ee728b)  -> (artifact id: '8d8bdd22a04f8b5b9b43d7371ab73726') in 0.156363 seconds 
  Import took 0.159563 seconds .

========================================================================
Received Import Request.
  Time since last request: 0.018769 seconds.
  path: Assets/Materials/Orange.mat
  artifactKey: Guid(53f7c15f67d696045ac2497178f5fa13) Importer(815301076,1909f56bfc062723c751e8b465ee728b)
Start importing Assets/Materials/Orange.mat using Guid(53f7c15f67d696045ac2497178f5fa13) Importer(815301076,1909f56bfc062723c751e8b465ee728b)  -> (artifact id: 'afd1e440f1c52fdfa7ef4f0f13579e3a') in 0.026750 seconds 
  Import took 0.030127 seconds .

========================================================================
Received Import Request.
  Time since last request: 0.017611 seconds.
  path: Assets/Materials/Purple.mat
  artifactKey: Guid(7e99fc51ed8bb774d95f71415929965a) Importer(815301076,1909f56bfc062723c751e8b465ee728b)
Start importing Assets/Materials/Purple.mat using Guid(7e99fc51ed8bb774d95f71415929965a) Importer(815301076,1909f56bfc062723c751e8b465ee728b)  -> (artifact id: '627323591e3f55ca2feb9e1e659b5434') in 0.019319 seconds 
  Import took 0.022381 seconds .

========================================================================
Received Import Request.
  Time since last request: 0.016560 seconds.
  path: Assets/Materials/Blue.mat
  artifactKey: Guid(08b7229d2ce6b00429f82130a0164a85) Importer(815301076,1909f56bfc062723c751e8b465ee728b)
Start importing Assets/Materials/Blue.mat using Guid(08b7229d2ce6b00429f82130a0164a85) Importer(815301076,1909f56bfc062723c751e8b465ee728b)  -> (artifact id: '7a4cb909d2a6306c826fa35b19290a6f') in 0.019031 seconds 
  Import took 0.022122 seconds .

========================================================================
Received Import Request.
  Time since last request: 0.021781 seconds.
  path: Assets/Materials/Grey.mat
  artifactKey: Guid(c9590ee1a6e62bb44b5a7b83c9ad0110) Importer(815301076,1909f56bfc062723c751e8b465ee728b)
Start importing Assets/Materials/Grey.mat using Guid(c9590ee1a6e62bb44b5a7b83c9ad0110) Importer(815301076,1909f56bfc062723c751e8b465ee728b)  -> (artifact id: '5b368a37c22ac84eb2c65c35b0798e70') in 0.018802 seconds 
  Import took 0.021797 seconds .

========================================================================
Received Import Request.
  Time since last request: 0.014440 seconds.
  path: Assets/Scenes/My Scene.unity
  artifactKey: Guid(9fc0d4010bbf28b4594072e72b8655ab) Importer(815301076,1909f56bfc062723c751e8b465ee728b)
Start importing Assets/Scenes/My Scene.unity using Guid(9fc0d4010bbf28b4594072e72b8655ab) Importer(815301076,1909f56bfc062723c751e8b465ee728b)  -> (artifact id: '9cc88744d7038b1712a665cda84925a8') in 0.003488 seconds 
  Import took 0.006130 seconds .

========================================================================
Received Import Request.
  Time since last request: 0.007430 seconds.
  path: Assets/Materials/Green.mat
  artifactKey: Guid(6a1fb94a7cbd1184090eb2dda2eb7bef) Importer(815301076,1909f56bfc062723c751e8b465ee728b)
Start importing Assets/Materials/Green.mat using Guid(6a1fb94a7cbd1184090eb2dda2eb7bef) Importer(815301076,1909f56bfc062723c751e8b465ee728b)  -> (artifact id: '27a2fdf86a1481019a97d0d7a5d38c04') in 0.016886 seconds 
  Import took 0.019593 seconds .

========================================================================
Received Import Request.
  Time since last request: 0.015094 seconds.
  path: Assets/Materials/Yellow.mat
  artifactKey: Guid(ebde2a536d0745944830da43e274487e) Importer(815301076,1909f56bfc062723c751e8b465ee728b)
Start importing Assets/Materials/Yellow.mat using Guid(ebde2a536d0745944830da43e274487e) Importer(815301076,1909f56bfc062723c751e8b465ee728b)  -> (artifact id: 'e8a78db502b159603dda29e472990bc1') in 0.019144 seconds 
  Import took 0.021836 seconds .

AssetImportWorkerClient::OnTransportError - code=2 error=End of file
